build/app/intermediates/manifest_merge_blame_file/debug/manifest-merger-blame-debug-report.txt
1<?xml version="1.0" encoding="utf-8"?>
2<manifest xmlns:android="http://schemas.android.com/apk/res/android"
3    package="com.covid19india.me"
4    android:versionCode="1"
5    android:versionName="1.0.0" >
6
7    <uses-sdk
8        android:minSdkVersion="21"
9        android:targetSdkVersion="28" />
10    <!--
11         Flutter needs it to communicate with the running application
12         to allow setting breakpoints, to provide hot reload, etc.
13    -->
14    <uses-permission android:name="android.permission.INTERNET" />
14-->src/main/AndroidManifest.xml:8:5-67
14-->src/main/AndroidManifest.xml:8:22-64
15    <uses-permission android:name="android.permission.ACCESS_FINE_LOCATION" />
15-->src/main/AndroidManifest.xml:9:5-79
15-->src/main/AndroidManifest.xml:9:22-76
16    <uses-permission android:name="android.permission.ACCESS_COARSE_LOCATION" />
16-->src/main/AndroidManifest.xml:10:5-81
16-->src/main/AndroidManifest.xml:10:22-78
17    <uses-permission android:name="android.permission.ACCESS_NETWORK_STATE" />
17-->[:firebase_analytics] AndroidManifest.xml:7:5-79
17-->[:firebase_analytics] AndroidManifest.xml:7:22-76
18    <uses-permission android:name="android.permission.WAKE_LOCK" />
18-->[:firebase_analytics] AndroidManifest.xml:9:5-68
18-->[:firebase_analytics] AndroidManifest.xml:9:22-65
19    <uses-permission android:name="android.permission.READ_PHONE_STATE" /> <!-- Required by older versions of Google Play services to create IID tokens -->
19-->[:mobile_number] AndroidManifest.xml:7:5-75
19-->[:mobile_number] AndroidManifest.xml:7:22-72
20    <uses-permission android:name="com.google.android.c2dm.permission.RECEIVE" />
20-->[com.google.firebase:firebase-iid:20.0.1] AndroidManifest.xml:26:5-82
20-->[com.google.firebase:firebase-iid:20.0.1] AndroidManifest.xml:26:22-79
21    <uses-permission android:name="com.google.android.finsky.permission.BIND_GET_INSTALL_REFERRER_SERVICE" />
21-->[com.google.android.gms:play-services-measurement:16.5.0] AndroidManifest.xml:26:5-110
21-->[com.google.android.gms:play-services-measurement:16.5.0] AndroidManifest.xml:26:22-107
22
23    <application
23-->src/main/AndroidManifest.xml:11:5-40:19
24        android:name="io.flutter.app.FlutterApplication"
24-->src/main/AndroidManifest.xml:12:9-57
25        android:appComponentFactory="androidx.core.app.CoreComponentFactory"
25-->[androidx.core:core:1.1.0] AndroidManifest.xml:24:18-86
26        android:debuggable="true"
27        android:icon="@mipmap/ic_launcher"
27-->src/main/AndroidManifest.xml:14:9-43
28        android:label="Covid19India" >
28-->src/main/AndroidManifest.xml:13:9-37
29        <meta-data
29-->src/main/AndroidManifest.xml:15:9-17:54
30            android:name="com.google.firebase.messaging.default_notification_icon"
30-->src/main/AndroidManifest.xml:16:13-83
31            android:resource="@mipmap/ic_launcher" />
31-->src/main/AndroidManifest.xml:17:13-51
32
33        <activity
33-->src/main/AndroidManifest.xml:18:9-34:20
34            android:name="com.example.covid19india.MainActivity"
34-->src/main/AndroidManifest.xml:19:13-41
35            android:configChanges="orientation|keyboardHidden|keyboard|screenSize|smallestScreenSize|locale|layoutDirection|fontScale|screenLayout|density|uiMode"
35-->src/main/AndroidManifest.xml:22:13-163
36            android:hardwareAccelerated="true"
36-->src/main/AndroidManifest.xml:23:13-47
37            android:launchMode="singleTop"
37-->src/main/AndroidManifest.xml:20:13-43
38            android:screenOrientation="portrait"
38-->src/main/AndroidManifest.xml:24:13-49
39            android:theme="@style/LaunchTheme"
39-->src/main/AndroidManifest.xml:21:13-47
40            android:windowSoftInputMode="adjustResize" >
40-->src/main/AndroidManifest.xml:25:13-55
41            <intent-filter>
41-->src/main/AndroidManifest.xml:26:13-29:29
42                <action android:name="android.intent.action.MAIN" />
42-->src/main/AndroidManifest.xml:27:17-68
42-->src/main/AndroidManifest.xml:27:25-66
43
44                <category android:name="android.intent.category.LAUNCHER" />
44-->src/main/AndroidManifest.xml:28:17-76
44-->src/main/AndroidManifest.xml:28:27-74
45            </intent-filter>
46            <intent-filter>
46-->src/main/AndroidManifest.xml:30:13-33:29
47                <action android:name="FLUTTER_NOTIFICATION_CLICK" />
47-->src/main/AndroidManifest.xml:31:17-69
47-->src/main/AndroidManifest.xml:31:25-66
48
49                <category android:name="android.intent.category.DEFAULT" />
49-->src/main/AndroidManifest.xml:32:17-76
49-->src/main/AndroidManifest.xml:32:27-73
50            </intent-filter>
51        </activity>
52        <!--
53             Don't delete the meta-data below.
54             This is used by the Flutter tool to generate GeneratedPluginRegistrant.java
55        -->
56        <meta-data
56-->src/main/AndroidManifest.xml:37:9-39:33
57            android:name="flutterEmbedding"
57-->src/main/AndroidManifest.xml:38:13-44
58            android:value="2" />
58-->src/main/AndroidManifest.xml:39:13-30
59
60        <service
60-->[:cloud_firestore] AndroidManifest.xml:8:9-12:19
61            android:name="com.google.firebase.components.ComponentDiscoveryService"
61-->[:cloud_firestore] AndroidManifest.xml:8:18-89
62            android:directBootAware="true"
62-->[com.google.firebase:firebase-common:19.3.0] AndroidManifest.xml:34:13-43
63            android:exported="false" >
63-->[com.google.firebase:firebase-firestore:21.3.0] AndroidManifest.xml:19:13-37
64            <meta-data
64-->[:cloud_firestore] AndroidManifest.xml:9:13-11:85
65                android:name="com.google.firebase.components:io.flutter.plugins.firebase.cloudfirestore.FlutterFirebaseAppRegistrar"
65-->[:cloud_firestore] AndroidManifest.xml:10:17-133
66                android:value="com.google.firebase.components.ComponentRegistrar" />
66-->[:cloud_firestore] AndroidManifest.xml:11:17-82
67            <meta-data
67-->[:firebase_core] AndroidManifest.xml:9:13-11:85
68                android:name="com.google.firebase.components:io.flutter.plugins.firebase.core.FlutterFirebaseAppRegistrar"
68-->[:firebase_core] AndroidManifest.xml:10:17-123
69                android:value="com.google.firebase.components.ComponentRegistrar" />
69-->[:firebase_core] AndroidManifest.xml:11:17-82
70            <meta-data
70-->[:firebase_messaging] AndroidManifest.xml:14:13-16:85
71                android:name="com.google.firebase.components:io.flutter.plugins.firebasemessaging.FlutterFirebaseAppRegistrar"
71-->[:firebase_messaging] AndroidManifest.xml:15:17-127
72                android:value="com.google.firebase.components.ComponentRegistrar" />
72-->[:firebase_messaging] AndroidManifest.xml:16:17-82
73            <meta-data
73-->[:firebase_analytics] AndroidManifest.xml:13:13-15:85
74                android:name="com.google.firebase.components:io.flutter.plugins.firebaseanalytics.FlutterFirebaseAppRegistrar"
74-->[:firebase_analytics] AndroidManifest.xml:14:17-127
75                android:value="com.google.firebase.components.ComponentRegistrar" />
75-->[:firebase_analytics] AndroidManifest.xml:15:17-82
76            <meta-data
76-->[com.google.firebase:firebase-firestore:21.3.0] AndroidManifest.xml:20:13-22:85
77                android:name="com.google.firebase.components:com.google.firebase.firestore.FirestoreRegistrar"
77-->[com.google.firebase:firebase-firestore:21.3.0] AndroidManifest.xml:21:17-111
78                android:value="com.google.firebase.components.ComponentRegistrar" />
78-->[com.google.firebase:firebase-firestore:21.3.0] AndroidManifest.xml:22:17-82
79            <meta-data
79-->[com.google.android.gms:play-services-measurement-api:16.5.0] AndroidManifest.xml:30:13-32:85
80                android:name="com.google.firebase.components:com.google.firebase.analytics.connector.internal.AnalyticsConnectorRegistrar"
80-->[com.google.android.gms:play-services-measurement-api:16.5.0] AndroidManifest.xml:31:17-139
81                android:value="com.google.firebase.components.ComponentRegistrar" />
81-->[com.google.android.gms:play-services-measurement-api:16.5.0] AndroidManifest.xml:32:17-82
82            <meta-data
82-->[com.google.firebase:firebase-iid:20.0.1] AndroidManifest.xml:32:13-34:85
83                android:name="com.google.firebase.components:com.google.firebase.iid.Registrar"
83-->[com.google.firebase:firebase-iid:20.0.1] AndroidManifest.xml:33:17-96
84                android:value="com.google.firebase.components.ComponentRegistrar" />
84-->[com.google.firebase:firebase-iid:20.0.1] AndroidManifest.xml:34:17-82
85        </service>
86
87        <provider
87-->[:flutter_webview_plugin] AndroidManifest.xml:9:9-18:20
88            android:name="androidx.core.content.FileProvider"
88-->[:flutter_webview_plugin] AndroidManifest.xml:10:13-62
89            android:authorities="com.covid19india.me.fileprovider"
89-->[:flutter_webview_plugin] AndroidManifest.xml:11:13-64
90            android:exported="false"
90-->[:flutter_webview_plugin] AndroidManifest.xml:12:13-37
91            android:grantUriPermissions="true" >
91-->[:flutter_webview_plugin] AndroidManifest.xml:13:13-47
92            <meta-data
92-->[:flutter_webview_plugin] AndroidManifest.xml:15:13-17:53
93                android:name="android.support.FILE_PROVIDER_PATHS"
93-->[:flutter_webview_plugin] AndroidManifest.xml:16:17-67
94                android:resource="@xml/filepaths" />
94-->[:flutter_webview_plugin] AndroidManifest.xml:17:17-50
95        </provider>
96
97        <service android:name="io.flutter.plugins.firebasemessaging.FlutterFirebaseMessagingService" >
97-->[:firebase_messaging] AndroidManifest.xml:8:9-12:19
97-->[:firebase_messaging] AndroidManifest.xml:8:18-101
98            <intent-filter>
98-->[:firebase_messaging] AndroidManifest.xml:9:13-11:29
99                <action android:name="com.google.firebase.MESSAGING_EVENT" />
99-->[:firebase_messaging] AndroidManifest.xml:10:17-78
99-->[:firebase_messaging] AndroidManifest.xml:10:25-75
100            </intent-filter>
101        </service>
102        <!--
103             FirebaseMessagingService performs security checks at runtime,
104             but set to not exported to explicitly avoid allowing another app to call it.
105        -->
106        <service
106-->[com.google.firebase:firebase-messaging:20.0.1] AndroidManifest.xml:28:9-34:19
107            android:name="com.google.firebase.messaging.FirebaseMessagingService"
107-->[com.google.firebase:firebase-messaging:20.0.1] AndroidManifest.xml:29:13-82
108            android:exported="false" >
108-->[com.google.firebase:firebase-messaging:20.0.1] AndroidManifest.xml:30:13-37
109            <intent-filter android:priority="-500" >
109-->[:firebase_messaging] AndroidManifest.xml:9:13-11:29
110                <action android:name="com.google.firebase.MESSAGING_EVENT" />
110-->[:firebase_messaging] AndroidManifest.xml:10:17-78
110-->[:firebase_messaging] AndroidManifest.xml:10:25-75
111            </intent-filter>
112        </service>
113
114        <receiver
114-->[com.google.firebase:firebase-iid:20.0.1] AndroidManifest.xml:37:9-44:20
115            android:name="com.google.firebase.iid.FirebaseInstanceIdReceiver"
115-->[com.google.firebase:firebase-iid:20.0.1] AndroidManifest.xml:38:13-78
116            android:exported="true"
116-->[com.google.firebase:firebase-iid:20.0.1] AndroidManifest.xml:39:13-36
117            android:permission="com.google.android.c2dm.permission.SEND" >
117-->[com.google.firebase:firebase-iid:20.0.1] AndroidManifest.xml:40:13-73
118            <intent-filter>
118-->[com.google.firebase:firebase-iid:20.0.1] AndroidManifest.xml:41:13-43:29
119                <action android:name="com.google.android.c2dm.intent.RECEIVE" />
119-->[com.google.firebase:firebase-iid:20.0.1] AndroidManifest.xml:42:17-81
119-->[com.google.firebase:firebase-iid:20.0.1] AndroidManifest.xml:42:25-78
120            </intent-filter>
121        </receiver>
122
123        <provider
123-->[com.google.firebase:firebase-common:19.3.0] AndroidManifest.xml:26:9-30:39
124            android:name="com.google.firebase.provider.FirebaseInitProvider"
124-->[com.google.firebase:firebase-common:19.3.0] AndroidManifest.xml:27:13-77
125            android:authorities="com.covid19india.me.firebaseinitprovider"
125-->[com.google.firebase:firebase-common:19.3.0] AndroidManifest.xml:28:13-72
126            android:exported="false"
126-->[com.google.firebase:firebase-common:19.3.0] AndroidManifest.xml:29:13-37
127            android:initOrder="100" />
127-->[com.google.firebase:firebase-common:19.3.0] AndroidManifest.xml:30:13-36
128
129        <activity
129-->[com.google.android.gms:play-services-base:17.0.0] AndroidManifest.xml:23:9-26:75
130            android:name="com.google.android.gms.common.api.GoogleApiActivity"
130-->[com.google.android.gms:play-services-base:17.0.0] AndroidManifest.xml:24:13-79
131            android:exported="false"
131-->[com.google.android.gms:play-services-base:17.0.0] AndroidManifest.xml:25:13-37
132            android:theme="@android:style/Theme.Translucent.NoTitleBar" />
132-->[com.google.android.gms:play-services-base:17.0.0] AndroidManifest.xml:26:13-72
133
134        <receiver
134-->[com.google.android.gms:play-services-measurement:16.5.0] AndroidManifest.xml:29:9-33:20
135            android:name="com.google.android.gms.measurement.AppMeasurementReceiver"
135-->[com.google.android.gms:play-services-measurement:16.5.0] AndroidManifest.xml:30:13-85
136            android:enabled="true"
136-->[com.google.android.gms:play-services-measurement:16.5.0] AndroidManifest.xml:31:13-35
137            android:exported="false" >
137-->[com.google.android.gms:play-services-measurement:16.5.0] AndroidManifest.xml:32:13-37
138        </receiver>
139        <receiver
139-->[com.google.android.gms:play-services-measurement:16.5.0] AndroidManifest.xml:34:9-42:20
140            android:name="com.google.android.gms.measurement.AppMeasurementInstallReferrerReceiver"
140-->[com.google.android.gms:play-services-measurement:16.5.0] AndroidManifest.xml:35:13-100
141            android:enabled="true"
141-->[com.google.android.gms:play-services-measurement:16.5.0] AndroidManifest.xml:36:13-35
142            android:exported="true"
142-->[com.google.android.gms:play-services-measurement:16.5.0] AndroidManifest.xml:37:13-36
143            android:permission="android.permission.INSTALL_PACKAGES" >
143-->[com.google.android.gms:play-services-measurement:16.5.0] AndroidManifest.xml:38:13-69
144            <intent-filter>
144-->[com.google.android.gms:play-services-measurement:16.5.0] AndroidManifest.xml:39:13-41:29
145                <action android:name="com.android.vending.INSTALL_REFERRER" />
145-->[com.google.android.gms:play-services-measurement:16.5.0] AndroidManifest.xml:40:17-79
145-->[com.google.android.gms:play-services-measurement:16.5.0] AndroidManifest.xml:40:25-76
146            </intent-filter>
147        </receiver>
148
149        <service
149-->[com.google.android.gms:play-services-measurement:16.5.0] AndroidManifest.xml:44:9-47:40
150            android:name="com.google.android.gms.measurement.AppMeasurementService"
150-->[com.google.android.gms:play-services-measurement:16.5.0] AndroidManifest.xml:45:13-84
151            android:enabled="true"
151-->[com.google.android.gms:play-services-measurement:16.5.0] AndroidManifest.xml:46:13-35
152            android:exported="false" />
152-->[com.google.android.gms:play-services-measurement:16.5.0] AndroidManifest.xml:47:13-37
153        <service
153-->[com.google.android.gms:play-services-measurement:16.5.0] AndroidManifest.xml:48:9-52:72
154            android:name="com.google.android.gms.measurement.AppMeasurementJobService"
154-->[com.google.android.gms:play-services-measurement:16.5.0] AndroidManifest.xml:49:13-87
155            android:enabled="true"
155-->[com.google.android.gms:play-services-measurement:16.5.0] AndroidManifest.xml:50:13-35
156            android:exported="false"
156-->[com.google.android.gms:play-services-measurement:16.5.0] AndroidManifest.xml:51:13-37
157            android:permission="android.permission.BIND_JOB_SERVICE" />
157-->[com.google.android.gms:play-services-measurement:16.5.0] AndroidManifest.xml:52:13-69
158
159        <meta-data
159-->[com.google.android.gms:play-services-basement:17.0.0] AndroidManifest.xml:23:9-25:69
160            android:name="com.google.android.gms.version"
160-->[com.google.android.gms:play-services-basement:17.0.0] AndroidManifest.xml:24:13-58
161            android:value="@integer/google_play_services_version" />
161-->[com.google.android.gms:play-services-basement:17.0.0] AndroidManifest.xml:25:13-66
162    </application>
163
164</manifest>